2019-11-05 11:05:42.781  INFO 10516 --- [main] com.lanou.simple.SimpleApplication       : Starting SimpleApplication on DESKTOP-CV4O67R with PID 10516 (D:\IdeaProjects\springboot-templates\target\classes started by PC in D:\IdeaProjects\springboot-templates)
2019-11-05 11:05:42.789  INFO 10516 --- [main] com.lanou.simple.SimpleApplication       : No active profile set, falling back to default profiles: default
2019-11-05 11:05:45.003  INFO 10516 --- [main] o.s.b.w.embedded.tomcat.TomcatWebServer  : Tomcat initialized with port(s): 8080 (http)
2019-11-05 11:05:45.018  INFO 10516 --- [main] o.apache.catalina.core.StandardService   : Starting service [Tomcat]
2019-11-05 11:05:45.019  INFO 10516 --- [main] org.apache.catalina.core.StandardEngine  : Starting Servlet engine: [Apache Tomcat/9.0.27]
2019-11-05 11:05:45.236  INFO 10516 --- [main] o.a.c.c.C.[Tomcat].[localhost].[/]       : Initializing Spring embedded WebApplicationContext
2019-11-05 11:05:45.237  INFO 10516 --- [main] o.s.web.context.ContextLoader            : Root WebApplicationContext: initialization completed in 2297 ms
2019-11-05 11:05:45.484  INFO 10516 --- [main] o.s.s.concurrent.ThreadPoolTaskExecutor  : Initializing ExecutorService 'applicationTaskExecutor'
2019-11-05 11:05:45.560  INFO 10516 --- [main] o.s.b.a.w.s.WelcomePageHandlerMapping    : Adding welcome page template: index
2019-11-05 11:05:45.631  WARN 10516 --- [main] org.thymeleaf.templatemode.TemplateMode  : [THYMELEAF][main] Template Mode 'LEGACYHTML5' is deprecated. Using Template Mode 'HTML' instead.
2019-11-05 11:05:45.766  INFO 10516 --- [main] o.s.b.w.embedded.tomcat.TomcatWebServer  : Tomcat started on port(s): 8080 (http) with context path ''
2019-11-05 11:05:45.771  INFO 10516 --- [main] com.lanou.simple.SimpleApplication       : Started SimpleApplication in 4.038 seconds (JVM running for 6.711)
2019-11-05 11:06:24.947  INFO 10516 --- [http-nio-8080-exec-1] o.apache.tomcat.util.http.parser.Cookie  : A cookie header was received [1572483251] that contained an invalid cookie. That cookie will be ignored.
 Note: further occurrences of this error will be logged at DEBUG level.
2019-11-05 11:06:24.973  INFO 10516 --- [http-nio-8080-exec-1] o.a.c.c.C.[Tomcat].[localhost].[/]       : Initializing Spring DispatcherServlet 'dispatcherServlet'
2019-11-05 11:06:24.974  INFO 10516 --- [http-nio-8080-exec-1] o.s.web.servlet.DispatcherServlet        : Initializing Servlet 'dispatcherServlet'
2019-11-05 11:06:24.984  INFO 10516 --- [http-nio-8080-exec-1] o.s.web.servlet.DispatcherServlet        : Completed initialization in 10 ms
2019-11-05 11:09:26.323  INFO 7440 --- [main] com.lanou.simple.SimpleApplication       : Starting SimpleApplication on DESKTOP-CV4O67R with PID 7440 (D:\IdeaProjects\springboot-templates\target\classes started by PC in D:\IdeaProjects\springboot-templates)
2019-11-05 11:09:26.330  INFO 7440 --- [main] com.lanou.simple.SimpleApplication       : No active profile set, falling back to default profiles: default
2019-11-05 11:09:27.981  INFO 7440 --- [main] o.s.b.w.embedded.tomcat.TomcatWebServer  : Tomcat initialized with port(s): 8080 (http)
2019-11-05 11:09:27.998  INFO 7440 --- [main] o.apache.catalina.core.StandardService   : Starting service [Tomcat]
2019-11-05 11:09:27.999  INFO 7440 --- [main] org.apache.catalina.core.StandardEngine  : Starting Servlet engine: [Apache Tomcat/9.0.27]
2019-11-05 11:09:28.217  INFO 7440 --- [main] o.a.c.c.C.[Tomcat].[localhost].[/]       : Initializing Spring embedded WebApplicationContext
2019-11-05 11:09:28.218  INFO 7440 --- [main] o.s.web.context.ContextLoader            : Root WebApplicationContext: initialization completed in 1718 ms
2019-11-05 11:09:28.470  INFO 7440 --- [main] o.s.s.concurrent.ThreadPoolTaskExecutor  : Initializing ExecutorService 'applicationTaskExecutor'
2019-11-05 11:09:28.546  INFO 7440 --- [main] o.s.b.a.w.s.WelcomePageHandlerMapping    : Adding welcome page template: index
2019-11-05 11:09:28.607  WARN 7440 --- [main] org.thymeleaf.templatemode.TemplateMode  : [THYMELEAF][main] Template Mode 'LEGACYHTML5' is deprecated. Using Template Mode 'HTML' instead.
2019-11-05 11:09:28.707  INFO 7440 --- [main] o.s.b.w.embedded.tomcat.TomcatWebServer  : Tomcat started on port(s): 8080 (http) with context path ''
2019-11-05 11:09:28.710  INFO 7440 --- [main] com.lanou.simple.SimpleApplication       : Started SimpleApplication in 3.258 seconds (JVM running for 4.927)
2019-11-05 11:09:41.802  INFO 7440 --- [http-nio-8080-exec-1] o.apache.tomcat.util.http.parser.Cookie  : A cookie header was received [1572483251] that contained an invalid cookie. That cookie will be ignored.
 Note: further occurrences of this error will be logged at DEBUG level.
2019-11-05 11:09:41.810  INFO 7440 --- [http-nio-8080-exec-1] o.a.c.c.C.[Tomcat].[localhost].[/]       : Initializing Spring DispatcherServlet 'dispatcherServlet'
2019-11-05 11:09:41.810  INFO 7440 --- [http-nio-8080-exec-1] o.s.web.servlet.DispatcherServlet        : Initializing Servlet 'dispatcherServlet'
2019-11-05 11:09:41.823  INFO 7440 --- [http-nio-8080-exec-1] o.s.web.servlet.DispatcherServlet        : Completed initialization in 13 ms
